Flutter crash report.
Please report a bug at https://github.com/flutter/flutter/issues.

## command

flutter run

## exception

SocketException: SocketException: Send failed (OS Error: No route to host, errno = 65), address = 0.0.0.0, port = 5353

```
#0      _NativeSocket.send (dart:io-patch/socket_patch.dart:1275:34)
#1      _RawDatagramSocket.send (dart:io-patch/socket_patch.dart:2590:15)
#2      MDnsClient.lookup (package:multicast_dns/multicast_dns.dart:219:22)
#3      MDnsVmServiceDiscovery._pollingVmService (package:flutter_tools/src/mdns_discovery.dart:232:66)
<asynchronous suspension>
#4      MDnsVmServiceDiscovery.firstMatchingVmService (package:flutter_tools/src/mdns_discovery.dart:188:56)
<asynchronous suspension>
#5      MDnsVmServiceDiscovery.getVMServiceUriForLaunch (package:flutter_tools/src/mdns_discovery.dart:433:50)
<asynchronous suspension>
#6      Future.any.onValue (dart:async/future.dart:628:5)
<asynchronous suspension>
```

## flutter doctor

```
[32m[✓][39m Flutter (Channel stable, 3.24.5, on macOS 15.3.1 24D70 darwin-x64, locale zh-Hans-HK)
    [32m•[39m Flutter version 3.24.5 on channel stable at /Users/wangpeng/fvm/versions/3.24.5
    [32m•[39m Upstream repository https://github.com/flutter/flutter.git
    [32m•[39m Framework revision dec2ee5c1f (4 months ago), 2024-11-13 11:13:06 -0800
    [32m•[39m Engine revision a18df97ca5
    [32m•[39m Dart version 3.5.4
    [32m•[39m DevTools version 2.37.3

[33m[!][39m Android toolchain - develop for Android devices (Android SDK version 34.0.0)
    [32m•[39m Android SDK at /Users/wangpeng/Library/Android/sdk
    [32m•[39m Platform android-35, build-tools 34.0.0
    [32m•[39m Java binary at: /Applications/Android Studio.app/Contents/jbr/Contents/Home/bin/java
    [32m•[39m Java version OpenJDK Runtime Environment (build 17.0.7+0-17.0.7b1000.6-10550314)
    [33m![39m Some Android licenses not accepted. To resolve this, run: flutter doctor --android-licenses

[32m[✓][39m Xcode - develop for iOS and macOS (Xcode 16.2)
    [32m•[39m Xcode at /Applications/Xcode.app/Contents/Developer
    [32m•[39m Build 16C5032a
    [32m•[39m CocoaPods version 1.14.3

[32m[✓][39m Chrome - develop for the web
    [32m•[39m Chrome at /Applications/Google Chrome.app/Contents/MacOS/Google Chrome

[32m[✓][39m Android Studio (version 2023.1)
    [32m•[39m Android Studio at /Applications/Android Studio.app/Contents
    [32m•[39m Flutter plugin can be installed from:
      🔨 https://plugins.jetbrains.com/plugin/9212-flutter
    [32m•[39m Dart plugin can be installed from:
      🔨 https://plugins.jetbrains.com/plugin/6351-dart
    [32m•[39m Java version OpenJDK Runtime Environment (build 17.0.7+0-17.0.7b1000.6-10550314)

[32m[✓][39m VS Code (version 1.97.0)
    [32m•[39m VS Code at /Applications/Visual Studio Code.app/Contents
    [32m•[39m Flutter extension version 3.104.0

[32m[✓][39m Connected device (3 available)
    [32m•[39m iPhonecx (mobile) • 00008030-000E69DC1104802E • ios            • iOS 18.3.2 22D82
    [32m•[39m macOS (desktop)   • macos                     • darwin-x64     • macOS 15.3.1 24D70 darwin-x64
    [32m•[39m Chrome (web)      • chrome                    • web-javascript • Google Chrome 134.0.6998.89

[32m[✓][39m Network resources
    [32m•[39m All expected network resources are available.

[33m![39m Doctor found issues in 1 category.
```
